

그래프 인접리스트 표현 

그래프의 정점갯수 : 8 
그래프의 인접리스트 표현
정점 0의 인접점 리스트 adj_list[0]  -> 2 -> 1
정점 1의 인접점 리스트 adj_list[1]  -> 4 -> 3 -> 0
정점 2의 인접점 리스트 adj_list[2]  -> 6 -> 5 -> 0
정점 3의 인접점 리스트 adj_list[3]  -> 7 -> 1
정점 4의 인접점 리스트 adj_list[4]  -> 7 -> 1
정점 5의 인접점 리스트 adj_list[5]  -> 7 -> 2
정점 6의 인접점 리스트 adj_list[6]  -> 7 -> 2
정점 7의 인접점 리스트 adj_list[7]  -> 6 -> 5 -> 4 -> 3
BFS
0 -> 2 -> 1 -> 4 -> 3 -> 6 -> 5 -> 7 
1 -> 2 -> 4 -> 3 -> 0 -> 6 -> 5 -> 7 
2 -> 1 -> 4 -> 3 -> 0 -> 6 -> 5 -> 7 
3 -> 2 -> 1 -> 4 -> 0 -> 6 -> 5 -> 7 
4 -> 2 -> 1 -> 3 -> 0 -> 6 -> 5 -> 7 
5 -> 2 -> 1 -> 4 -> 3 -> 0 -> 6 -> 7 
6 -> 2 -> 1 -> 4 -> 3 -> 0 -> 5 -> 7 
7 -> 2 -> 1 -> 4 -> 3 -> 0 -> 6 -> 5 
DFS
0 -> 2 -> 6 -> 7 -> 5 -> 4 -> 1 -> 3 
1 -> 4 -> 7 -> 6 -> 2 -> 5 -> 0 -> 3 
2 -> 6 -> 7 -> 5 -> 4 -> 1 -> 3 -> 0 
3 -> 7 -> 6 -> 2 -> 5 -> 0 -> 1 -> 4 
4 -> 7 -> 6 -> 2 -> 5 -> 0 -> 1 -> 3 
5 -> 7 -> 6 -> 2 -> 0 -> 1 -> 4 -> 3 
6 -> 7 -> 5 -> 2 -> 0 -> 1 -> 4 -> 3 
7 -> 6 -> 2 -> 5 -> 0 -> 1 -> 4 -> 3 
