

그래프 인접행렬 출력
그래프의 정점갯수 : 8 

 0  1  1  0  0  0  0  0 
 1  0  0  1  1  0  0  0 
 1  0  0  0  0  1  1  0 
 0  1  0  0  0  0  0  1 
 0  1  0  0  0  0  0  1 
 0  0  1  0  0  0  0  1 
 0  0  1  0  0  0  0  1 
 0  0  0  1  1  1  1  0 
BFS
0 -> 1  -> 2  -> 3  -> 4  -> 5  -> 6  -> 7 
1 -> 2  -> 0  -> 3  -> 4  -> 5  -> 6  -> 7 
2 -> 1  -> 0  -> 3  -> 4  -> 5  -> 6  -> 7 
3 -> 1  -> 2  -> 0  -> 4  -> 5  -> 6  -> 7 
4 -> 1  -> 2  -> 0  -> 3  -> 5  -> 6  -> 7 
5 -> 1  -> 2  -> 0  -> 3  -> 4  -> 6  -> 7 
6 -> 1  -> 2  -> 0  -> 3  -> 4  -> 5  -> 7 
7 -> 1  -> 2  -> 0  -> 3  -> 4  -> 5  -> 6 
DFS
0 ->1  -> 3  -> 7  -> 4  -> 5  -> 2  -> 6 
1 ->0  -> 2  -> 5  -> 7  -> 3  -> 4  -> 6 
2 ->0  -> 1  -> 3  -> 7  -> 4  -> 5  -> 6 
3 ->1  -> 4  -> 7  -> 5  -> 2  -> 6  -> 0 
4 ->1  -> 3  -> 7  -> 5  -> 2  -> 6  -> 0 
5 ->2  -> 6  -> 7  -> 3  -> 1  -> 4  -> 0 
6 ->2  -> 5  -> 7  -> 3  -> 1  -> 4  -> 0 
7 ->3  -> 1  -> 4  -> 0  -> 2  -> 5  -> 6 
